# JRE version: OpenJDK Runtime Environment (8.0_322-b06) (build 1.8.0_322-b06)
# Java VM: OpenJDK 64-Bit Server VM (25.322-b06 mixed mode windows-amd64 compressed oops)
Heap:
 PSYoungGen      total 295424K, used 68592K [0x0000000715c00000, 0x0000000729080000, 0x00000007c0000000)
  eden space 274944K, 24% used [0x0000000715c00000,0x0000000719efc050,0x0000000726880000)
  from space 20480K, 0% used [0x0000000726880000,0x0000000726880000,0x0000000727c80000)
  to   space 20480K, 0% used [0x0000000727c80000,0x0000000727c80000,0x0000000729080000)
 ParOldGen       total 256512K, used 23650K [0x00000005c1400000, 0x00000005d0e80000, 0x0000000715c00000)
  object space 256512K, 9% used [0x00000005c1400000,0x00000005c2b18890,0x00000005d0e80000)
 Metaspace       used 47703K, capacity 50916K, committed 51200K, reserved 1093632K
  class space    used 6311K, capacity 6880K, committed 6912K, reserved 1048576K
GC Heap History (10 events):
Event: 21627.693 GC heap before
{Heap before GC invocations=14 (full 3):
 PSYoungGen      total 295936K, used 8382K [0x0000000715c00000, 0x0000000729180000, 0x00000007c0000000)
  eden space 274944K, 0% used [0x0000000715c00000,0x0000000715c00000,0x0000000726880000)
  from space 20992K, 39% used [0x0000000726880000,0x00000007270af9f0,0x0000000727d00000)
  to   space 20992K, 0% used [0x0000000727d00000,0x0000000727d00000,0x0000000729180000)
 ParOldGen       total 256512K, used 20119K [0x00000005c1400000, 0x00000005d0e80000, 0x0000000715c00000)
  object space 256512K, 7% used [0x00000005c1400000,0x00000005c27a5e80,0x00000005d0e80000)
 Metaspace       used 46941K, capacity 49968K, committed 50176K, reserved 1093632K
  class space    used 6250K, capacity 6794K, committed 6912K, reserved 1048576K
Event: 21627.776 GC heap after
Heap after GC invocations=14 (full 3):
 PSYoungGen      total 295936K, used 0K [0x0000000715c00000, 0x0000000729180000, 0x00000007c0000000)
  eden space 274944K, 0% used [0x0000000715c00000,0x0000000715c00000,0x0000000726880000)
  from space 20992K, 0% used [0x0000000726880000,0x0000000726880000,0x0000000727d00000)
  to   space 20992K, 0% used [0x0000000727d00000,0x0000000727d00000,0x0000000729180000)
 ParOldGen       total 256512K, used 18426K [0x00000005c1400000, 0x00000005d0e80000, 0x0000000715c00000)
  object space 256512K, 7% used [0x00000005c1400000,0x00000005c25feb30,0x00000005d0e80000)
 Metaspace       used 46689K, capacity 49562K, committed 50176K, reserved 1093632K
  class space    used 6208K, capacity 6719K, committed 6912K, reserved 1048576K
}
Event: 21631.679 GC heap before
{Heap before GC invocations=15 (full 3):
 PSYoungGen      total 295936K, used 151138K [0x0000000715c00000, 0x0000000729180000, 0x00000007c0000000)
  eden space 274944K, 54% used [0x0000000715c00000,0x000000071ef98b28,0x0000000726880000)
  from space 20992K, 0% used [0x0000000726880000,0x0000000726880000,0x0000000727d00000)
  to   space 20992K, 0% used [0x0000000727d00000,0x0000000727d00000,0x0000000729180000)
 ParOldGen       total 256512K, used 18426K [0x00000005c1400000, 0x00000005d0e80000, 0x0000000715c00000)
  object space 256512K, 7% used [0x00000005c1400000,0x00000005c25feb30,0x00000005d0e80000)
 Metaspace       used 47281K, capacity 50424K, committed 50688K, reserved 1093632K
  class space    used 6275K, capacity 6829K, committed 6912K, reserved 1048576K
Event: 21631.684 GC heap after
Heap after GC invocations=15 (full 3):
 PSYoungGen      total 294912K, used 9894K [0x0000000715c00000, 0x0000000729080000, 0x00000007c0000000)
  eden space 274944K, 0% used [0x0000000715c00000,0x0000000715c00000,0x0000000726880000)
  from space 19968K, 49% used [0x0000000727d00000,0x00000007286a9940,0x0000000729080000)
  to   space 20480K, 0% used [0x0000000726880000,0x0000000726880000,0x0000000727c80000)
 ParOldGen       total 256512K, used 18434K [0x00000005c1400000, 0x00000005d0e80000, 0x0000000715c00000)
  object space 256512K, 7% used [0x00000005c1400000,0x00000005c2600b30,0x00000005d0e80000)
 Metaspace       used 47281K, capacity 50424K, committed 50688K, reserved 1093632K
  class space    used 6275K, capacity 6829K, committed 6912K, reserved 1048576K
}
Event: 21631.684 GC heap before
{Heap before GC invocations=16 (full 4):
 PSYoungGen      total 294912K, used 9894K [0x0000000715c00000, 0x0000000729080000, 0x00000007c0000000)
  eden space 274944K, 0% used [0x0000000715c00000,0x0000000715c00000,0x0000000726880000)
  from space 19968K, 49% used [0x0000000727d00000,0x00000007286a9940,0x0000000729080000)
  to   space 20480K, 0% used [0x0000000726880000,0x0000000726880000,0x0000000727c80000)
 ParOldGen       total 256512K, used 18434K [0x00000005c1400000, 0x00000005d0e80000, 0x0000000715c00000)
  object space 256512K, 7% used [0x00000005c1400000,0x00000005c2600b30,0x00000005d0e80000)
 Metaspace       used 47281K, capacity 50424K, committed 50688K, reserved 1093632K
  class space    used 6275K, capacity 6829K, committed 6912K, reserved 1048576K
Event: 21631.797 GC heap after
Heap after GC invocations=16 (full 4):
 PSYoungGen      total 294912K, used 0K [0x0000000715c00000, 0x0000000729080000, 0x00000007c0000000)
  eden space 274944K, 0% used [0x0000000715c00000,0x0000000715c00000,0x0000000726880000)
  from space 19968K, 0% used [0x0000000727d00000,0x0000000727d00000,0x0000000729080000)
  to   space 20480K, 0% used [0x0000000726880000,0x0000000726880000,0x0000000727c80000)
 ParOldGen       total 256512K, used 23210K [0x00000005c1400000, 0x00000005d0e80000, 0x0000000715c00000)
  object space 256512K, 9% used [0x00000005c1400000,0x00000005c2aaab18,0x00000005d0e80000)
 Metaspace       used 47225K, capacity 50268K, committed 50688K, reserved 1093632K
  class space    used 6261K, capacity 6802K, committed 6912K, reserved 1048576K
}
Event: 21654.652 GC heap before
{Heap before GC invocations=17 (full 4):
 PSYoungGen      total 294912K, used 147228K [0x0000000715c00000, 0x0000000729080000, 0x00000007c0000000)
  eden space 274944K, 53% used [0x0000000715c00000,0x000000071ebc71e0,0x0000000726880000)
  from space 19968K, 0% used [0x0000000727d00000,0x0000000727d00000,0x0000000729080000)
  to   space 20480K, 0% used [0x0000000726880000,0x0000000726880000,0x0000000727c80000)
 ParOldGen       total 256512K, used 23210K [0x00000005c1400000, 0x00000005d0e80000, 0x0000000715c00000)
  object space 256512K, 9% used [0x00000005c1400000,0x00000005c2aaab18,0x00000005d0e80000)
 Metaspace       used 47656K, capacity 50804K, committed 50944K, reserved 1093632K
  class space    used 6303K, capacity 6869K, committed 6912K, reserved 1048576K
Event: 21654.655 GC heap after
Heap after GC invocations=17 (full 4):
 PSYoungGen      total 295424K, used 7139K [0x0000000715c00000, 0x0000000729080000, 0x00000007c0000000)
  eden space 274944K, 0% used [0x0000000715c00000,0x0000000715c00000,0x0000000726880000)
  from space 20480K, 34% used [0x0000000726880000,0x0000000726f78e20,0x0000000727c80000)
  to   space 20480K, 0% used [0x0000000727c80000,0x0000000727c80000,0x0000000729080000)
 ParOldGen       total 256512K, used 23218K [0x00000005c1400000, 0x00000005d0e80000, 0x0000000715c00000)
  object space 256512K, 9% used [0x00000005c1400000,0x00000005c2aacb18,0x00000005d0e80000)
 Metaspace       used 47656K, capacity 50804K, committed 50944K, reserved 1093632K
  class space    used 6303K, capacity 6869K, committed 6912K, reserved 1048576K
}
Event: 21654.655 GC heap before
{Heap before GC invocations=18 (full 5):
 PSYoungGen      total 295424K, used 7139K [0x0000000715c00000, 0x0000000729080000, 0x00000007c0000000)
  eden space 274944K, 0% used [0x0000000715c00000,0x0000000715c00000,0x0000000726880000)
  from space 20480K, 34% used [0x0000000726880000,0x0000000726f78e20,0x0000000727c80000)
  to   space 20480K, 0% used [0x0000000727c80000,0x0000000727c80000,0x0000000729080000)
 ParOldGen       total 256512K, used 23218K [0x00000005c1400000, 0x00000005d0e80000, 0x0000000715c00000)
  object space 256512K, 9% used [0x00000005c1400000,0x00000005c2aacb18,0x00000005d0e80000)
 Metaspace       used 47656K, capacity 50804K, committed 50944K, reserved 1093632K
  class space    used 6303K, capacity 6869K, committed 6912K, reserved 1048576K
Event: 21654.739 GC heap after
Heap after GC invocations=18 (full 5):
 PSYoungGen      total 295424K, used 0K [0x0000000715c00000, 0x0000000729080000, 0x00000007c0000000)
  eden space 274944K, 0% used [0x0000000715c00000,0x0000000715c00000,0x0000000726880000)
  from space 20480K, 0% used [0x0000000726880000,0x0000000726880000,0x0000000727c80000)
  to   space 20480K, 0% used [0x0000000727c80000,0x0000000727c80000,0x0000000729080000)
 ParOldGen       total 256512K, used 23650K [0x00000005c1400000, 0x00000005d0e80000, 0x0000000715c00000)
  object space 256512K, 9% used [0x00000005c1400000,0x00000005c2b18890,0x00000005d0e80000)
 Metaspace       used 47642K, capacity 50780K, committed 50944K, reserved 1093632K
  class space    used 6300K, capacity 6864K, committed 6912K, reserved 1048576K
}

